<?xml version="1.0" encoding="UTF-8"?>
<!-- Generated by org.testng.reporters.JUnitXMLReporter -->
<testsuite hostname="LAPTOP-OF8QKMNN" ignored="0" name="Test" tests="3" failures="0" timestamp="23 May 2020 13:58:23 GMT" time="0.081" errors="0">
  <testcase name="@BeforeMethod browserSetup" time="0.0" classname="config.BrowserSetup">
    <failure type="java.io.FileNotFoundException" message="\src\main\java\config\globalConfig.properties (The system cannot find the path specified)">
      <![CDATA[java.io.FileNotFoundException: \src\main\java\config\globalConfig.properties (The system cannot find the path specified)
	at java.io.FileInputStream.open0(Native Method)
	at java.io.FileInputStream.open(FileInputStream.java:195)
	at java.io.FileInputStream.<init>(FileInputStream.java:138)
	at config.ConfigReader.readConfigFile(ConfigReader.java:23)
	at config.ConfigReader.readConfigData(ConfigReader.java:17)
	at config.BrowserSetup.browserSetup(BrowserSetup.java:43)
	at java.util.concurrent.ThreadPoolExecutor.runWorker(ThreadPoolExecutor.java:1149)
	at java.util.concurrent.ThreadPoolExecutor$Worker.run(ThreadPoolExecutor.java:624)
	at java.lang.Thread.run(Thread.java:748)
... Removed 12 stack frames]]>
    </failure>
  </testcase> <!-- @BeforeMethod browserSetup -->
  <testcase name="@BeforeMethod browserSetup" time="0.0" classname="config.BrowserSetup">
    <failure type="java.io.FileNotFoundException" message="\src\main\java\config\globalConfig.properties (The system cannot find the path specified)">
      <![CDATA[java.io.FileNotFoundException: \src\main\java\config\globalConfig.properties (The system cannot find the path specified)
	at java.io.FileInputStream.open0(Native Method)
	at java.io.FileInputStream.open(FileInputStream.java:195)
	at java.io.FileInputStream.<init>(FileInputStream.java:138)
	at config.ConfigReader.readConfigFile(ConfigReader.java:23)
	at config.ConfigReader.readConfigData(ConfigReader.java:17)
	at config.BrowserSetup.browserSetup(BrowserSetup.java:43)
	at java.util.concurrent.ThreadPoolExecutor.runWorker(ThreadPoolExecutor.java:1149)
	at java.util.concurrent.ThreadPoolExecutor$Worker.run(ThreadPoolExecutor.java:624)
	at java.lang.Thread.run(Thread.java:748)
... Removed 12 stack frames]]>
    </failure>
  </testcase> <!-- @BeforeMethod browserSetup -->
  <testcase name="@BeforeMethod browserSetup" time="0.0" classname="config.BrowserSetup">
    <failure type="java.io.FileNotFoundException" message="\src\main\java\config\globalConfig.properties (The system cannot find the path specified)">
      <![CDATA[java.io.FileNotFoundException: \src\main\java\config\globalConfig.properties (The system cannot find the path specified)
	at java.io.FileInputStream.open0(Native Method)
	at java.io.FileInputStream.open(FileInputStream.java:195)
	at java.io.FileInputStream.<init>(FileInputStream.java:138)
	at config.ConfigReader.readConfigFile(ConfigReader.java:23)
	at config.ConfigReader.readConfigData(ConfigReader.java:17)
	at config.BrowserSetup.browserSetup(BrowserSetup.java:43)
	at java.util.concurrent.ThreadPoolExecutor.runWorker(ThreadPoolExecutor.java:1149)
	at java.util.concurrent.ThreadPoolExecutor$Worker.run(ThreadPoolExecutor.java:624)
	at java.lang.Thread.run(Thread.java:748)
... Removed 12 stack frames]]>
    </failure>
  </testcase> <!-- @BeforeMethod browserSetup -->
  <testcase name="@AfterMethod tearDown" time="0.0" classname="config.BrowserSetup">
    <skipped/>
  </testcase> <!-- @AfterMethod tearDown -->
  <testcase name="@AfterMethod tearDown" time="0.0" classname="config.BrowserSetup">
    <skipped/>
  </testcase> <!-- @AfterMethod tearDown -->
  <testcase name="@AfterMethod tearDown" time="0.0" classname="config.BrowserSetup">
    <skipped/>
  </testcase> <!-- @AfterMethod tearDown -->
  <testcase name="loginToSite" time="0.004" classname="test.LoginTest">
    <skipped/>
  </testcase> <!-- loginToSite -->
  <testcase name="getSingleOrderDetails" time="0.006" classname="test.OrderDetailsTest">
    <skipped/>
  </testcase> <!-- getSingleOrderDetails -->
  <testcase name="verifymyAccountTabVerify" time="0.004" classname="test.MyAccountTest">
    <skipped/>
  </testcase> <!-- verifymyAccountTabVerify -->
</testsuite> <!-- Test -->
