<?xml version="1.0" encoding="UTF-8"?>
<!-- Generated by org.testng.reporters.JUnitReportReporter -->
<testsuite name="test.OrderDetailsTest" tests="2" time="0.006" ignored="0" failures="0" timestamp="23 May 2020 13:58:23 GMT" skipped="1" hostname="LAPTOP-OF8QKMNN" errors="1">
  <testcase name="getSingleOrderDetails" time="0.006" classname="test.OrderDetailsTest">
    <skipped/>
  </testcase> <!-- getSingleOrderDetails -->
  <testcase name="browserSetup" time="0.000" classname="test.OrderDetailsTest">
    <error type="java.io.FileNotFoundException" message="\src\main\java\config\globalConfig.properties (The system cannot find the path specified)">
      <![CDATA[java.io.FileNotFoundException: \src\main\java\config\globalConfig.properties (The system cannot find the path specified)
	at java.io.FileInputStream.open0(Native Method)
	at java.io.FileInputStream.open(FileInputStream.java:195)
	at java.io.FileInputStream.<init>(FileInputStream.java:138)
	at config.ConfigReader.readConfigFile(ConfigReader.java:23)
	at config.ConfigReader.readConfigData(ConfigReader.java:17)
	at config.BrowserSetup.browserSetup(BrowserSetup.java:43)
	at sun.reflect.NativeMethodAccessorImpl.invoke0(Native Method)
	at sun.reflect.NativeMethodAccessorImpl.invoke(NativeMethodAccessorImpl.java:62)
	at sun.reflect.DelegatingMethodAccessorImpl.invoke(DelegatingMethodAccessorImpl.java:43)
	at java.lang.reflect.Method.invoke(Method.java:498)
	at org.testng.internal.MethodInvocationHelper.invokeMethod(MethodInvocationHelper.java:104)
	at org.testng.internal.Invoker.invokeConfigurationMethod(Invoker.java:515)
	at org.testng.internal.Invoker.invokeConfigurations(Invoker.java:217)
	at org.testng.internal.Invoker.invokeMethod(Invoker.java:590)
	at org.testng.internal.Invoker.invokeTestMethod(Invoker.java:851)
	at org.testng.internal.Invoker.invokeTestMethods(Invoker.java:1177)
	at org.testng.internal.TestMethodWorker.invokeTestMethods(TestMethodWorker.java:129)
	at org.testng.internal.TestMethodWorker.run(TestMethodWorker.java:112)
	at java.util.concurrent.ThreadPoolExecutor.runWorker(ThreadPoolExecutor.java:1149)
	at java.util.concurrent.ThreadPoolExecutor$Worker.run(ThreadPoolExecutor.java:624)
	at java.lang.Thread.run(Thread.java:748)
]]>
    </error>
  </testcase> <!-- browserSetup -->
</testsuite> <!-- test.OrderDetailsTest -->
